[2024-07-10 21:40:53,968: INFO: common: yaml file: config\config.yaml loaded successfully]
[2024-07-10 21:40:53,974: INFO: common: yaml file: params.yaml loaded successfully]
[2024-07-10 21:50:02,484: INFO: common: yaml file: config\config.yaml loaded successfully]
[2024-07-10 21:50:02,501: INFO: common: yaml file: params.yaml loaded successfully]
[2024-07-10 21:50:02,502: INFO: common: created directory at: artifacts]
[2024-07-10 21:50:02,504: INFO: common: created directory at: artifacts/data_ingestion]
[2024-07-10 21:50:20,105: INFO: 222777804: artifacts/data_ingestion/data.zip download! with following info: 
Connection: close
Content-Length: 11616915
Cache-Control: max-age=300
Content-Security-Policy: default-src 'none'; style-src 'unsafe-inline'; sandbox
Content-Type: application/zip
ETag: "adf745abc03891fe493c3be264ec012691fe3fa21d861f35a27edbe6d86a76b1"
Strict-Transport-Security: max-age=31536000
X-Content-Type-Options: nosniff
X-Frame-Options: deny
X-XSS-Protection: 1; mode=block
X-GitHub-Request-Id: DBD3:1F1011:2E2E08:3A9177:668EB4B7
Accept-Ranges: bytes
Date: Wed, 10 Jul 2024 16:20:08 GMT
Via: 1.1 varnish
X-Served-By: cache-del21738-DEL
X-Cache: MISS
X-Cache-Hits: 0
X-Timer: S1720628408.883928,VS0,VE976
Vary: Authorization,Accept-Encoding,Origin
Access-Control-Allow-Origin: *
Cross-Origin-Resource-Policy: cross-origin
X-Fastly-Request-ID: dc3afdfd2ee2599b48f3a39144d73f52e715fe16
Expires: Wed, 10 Jul 2024 16:25:08 GMT
Source-Age: 1

]
